c:\users\ash\dropbox\visual studio projects\coursework\debug\activity.obj
c:\users\ash\dropbox\visual studio projects\coursework\debug\boss.obj
c:\users\ash\dropbox\visual studio projects\coursework\debug\boundingbox.obj
c:\users\ash\dropbox\visual studio projects\coursework\debug\bullet.obj
c:\users\ash\dropbox\visual studio projects\coursework\debug\collectable.obj
c:\users\ash\dropbox\visual studio projects\coursework\debug\collision.obj
c:\users\ash\dropbox\visual studio projects\coursework\debug\endscreenactivity.obj
c:\users\ash\dropbox\visual studio projects\coursework\debug\enemyrobot.obj
c:\users\ash\dropbox\visual studio projects\coursework\debug\gameactivity.obj
c:\users\ash\dropbox\visual studio projects\coursework\debug\inputstate.obj
c:\users\ash\dropbox\visual studio projects\coursework\debug\instructionactivity.obj
c:\users\ash\dropbox\visual studio projects\coursework\debug\leveltwoactivity.obj
c:\users\ash\dropbox\visual studio projects\coursework\debug\matrix.obj
c:\users\ash\dropbox\visual studio projects\coursework\debug\openglapplication.obj
c:\users\ash\dropbox\visual studio projects\coursework\debug\player.obj
c:\users\ash\dropbox\visual studio projects\coursework\debug\polyobjects.obj
c:\users\ash\dropbox\visual studio projects\coursework\debug\startscreenactivity.obj
c:\users\ash\dropbox\visual studio projects\coursework\debug\victory.obj
c:\users\ash\dropbox\visual studio projects\coursework\debug\win32main.obj
c:\users\ash\dropbox\visual studio projects\coursework\debug\vc100.pdb
c:\users\ash\dropbox\visual studio projects\coursework\debug\image_dxt.obj
c:\users\ash\dropbox\visual studio projects\coursework\debug\image_helper.obj
c:\users\ash\dropbox\visual studio projects\coursework\debug\soil.obj
c:\users\ash\dropbox\visual studio projects\coursework\debug\stb_image_aug.obj
c:\users\ash\dropbox\visual studio projects\coursework\debug\sample.exe
c:\users\ash\dropbox\visual studio projects\coursework\debug\sample.exe.intermediate.manifest
c:\users\ash\dropbox\visual studio projects\coursework\debug\sample.pdb
c:\users\ash\dropbox\visual studio projects\coursework\debug\cl.command.1.tlog
c:\users\ash\dropbox\visual studio projects\coursework\debug\cl.read.1.tlog
c:\users\ash\dropbox\visual studio projects\coursework\debug\cl.write.1.tlog
c:\users\ash\dropbox\visual studio projects\coursework\debug\link.command.1.tlog
c:\users\ash\dropbox\visual studio projects\coursework\debug\link.read.1.tlog
c:\users\ash\dropbox\visual studio projects\coursework\debug\link.write.1.tlog
c:\users\ash\dropbox\visual studio projects\coursework\debug\mt.command.1.tlog
c:\users\ash\dropbox\visual studio projects\coursework\debug\mt.read.1.tlog
c:\users\ash\dropbox\visual studio projects\coursework\debug\mt.write.1.tlog
c:\users\ash\dropbox\visual studio projects\coursework\debug\vc100.idb
c:\users\ash\dropbox\visual studio projects\coursework\debug\sample.tlog\cl.command.1.tlog
c:\users\ash\dropbox\visual studio projects\coursework\debug\sample.tlog\cl.read.1.tlog
c:\users\ash\dropbox\visual studio projects\coursework\debug\sample.tlog\cl.write.1.tlog
c:\users\ash\dropbox\visual studio projects\coursework\debug\sample.tlog\link.command.1.tlog
c:\users\ash\dropbox\visual studio projects\coursework\debug\sample.tlog\link.read.1.tlog
c:\users\ash\dropbox\visual studio projects\coursework\debug\sample.tlog\link.write.1.tlog
